<?xml version="1.0" encoding="UTF-8"?>
<testng-results skipped="0" failed="0" ignored="0" total="1" passed="1">
  <reporter-output>
  </reporter-output>
  <suite name="Suite" duration-ms="108470" started-at="2020-08-03T19:37:11 IST" finished-at="2020-08-03T19:38:59 IST">
    <groups>
    </groups>
    <test name="Test" duration-ms="108470" started-at="2020-08-03T19:37:11 IST" finished-at="2020-08-03T19:38:59 IST">
      <class name="Automation.goibibo.Goibibo">
        <test-method status="PASS" signature="ticketBook()[pri:0, instance:Automation.goibibo.Goibibo@30b8a058]" name="ticketBook" duration-ms="108381" started-at="2020-08-03T19:37:11 IST" finished-at="2020-08-03T19:38:59 IST">
          <reporter-output>
          </reporter-output>
        </test-method> <!-- ticketBook -->
      </class> <!-- Automation.goibibo.Goibibo -->
    </test> <!-- Test -->
  </suite> <!-- Suite -->
</testng-results>
